TN:
SF:src/cli.js
FN:4,(anonymous_0)
FN:8,(anonymous_1)
FN:11,(anonymous_2)
FN:14,(anonymous_3)
FN:17,(anonymous_4)
FN:23,(anonymous_5)
FN:27,(anonymous_6)
FN:30,(anonymous_7)
FNF:8
FNH:4
FNDA:0,(anonymous_0)
FNDA:4,(anonymous_1)
FNDA:3,(anonymous_2)
FNDA:0,(anonymous_3)
FNDA:3,(anonymous_4)
FNDA:4,(anonymous_5)
FNDA:0,(anonymous_6)
FNDA:0,(anonymous_7)
DA:2,1
DA:3,1
DA:4,1
DA:6,0
DA:8,1
DA:9,4
DA:11,1
DA:12,3
DA:14,1
DA:15,0
DA:17,1
DA:18,3
DA:19,3
DA:20,1
DA:23,4
DA:25,3
DA:27,1
DA:28,0
DA:30,1
DA:31,0
DA:32,0
DA:33,0
LF:22
LH:16
BRDA:12,0,0,2
BRDA:12,0,1,1
BRDA:19,1,0,1
BRDA:19,1,1,2
BRF:4
BRH:4
end_of_record
TN:
SF:src/main.js
FN:2,(anonymous_0)
FN:15,(anonymous_1)
FN:19,(anonymous_2)
FN:34,(anonymous_3)
FN:37,(anonymous_4)
FN:40,(anonymous_5)
FN:58,(anonymous_6)
FN:59,(anonymous_7)
FN:61,(anonymous_8)
FN:65,(anonymous_9)
FN:78,(anonymous_10)
FN:88,(anonymous_11)
FN:106,(anonymous_12)
FN:124,(anonymous_13)
FN:156,(anonymous_14)
FN:160,(anonymous_15)
FN:169,(anonymous_16)
FN:174,(anonymous_17)
FN:188,(anonymous_18)
FN:189,(anonymous_19)
FN:191,(anonymous_20)
FNF:21
FNH:13
FNDA:1,(anonymous_0)
FNDA:1,(anonymous_1)
FNDA:1,(anonymous_2)
FNDA:0,(anonymous_3)
FNDA:0,(anonymous_4)
FNDA:0,(anonymous_5)
FNDA:14,(anonymous_6)
FNDA:40,(anonymous_7)
FNDA:3,(anonymous_8)
FNDA:5,(anonymous_9)
FNDA:4,(anonymous_10)
FNDA:2,(anonymous_11)
FNDA:0,(anonymous_12)
FNDA:0,(anonymous_13)
FNDA:30,(anonymous_14)
FNDA:0,(anonymous_15)
FNDA:1,(anonymous_16)
FNDA:0,(anonymous_17)
FNDA:2,(anonymous_18)
FNDA:5,(anonymous_19)
FNDA:0,(anonymous_20)
DA:2,1
DA:3,1
DA:5,1
DA:6,1
DA:7,1
DA:8,1
DA:9,1
DA:10,1
DA:15,1
DA:16,1
DA:19,1
DA:20,1
DA:21,1
DA:22,1
DA:23,1
DA:24,1
DA:26,1
DA:33,1
DA:34,1
DA:35,0
DA:37,1
DA:38,0
DA:40,1
DA:41,0
DA:46,0
DA:47,0
DA:53,0
DA:54,0
DA:55,0
DA:58,1
DA:59,40
DA:61,1
DA:62,3
DA:65,1
DA:66,5
DA:67,5
DA:68,5
DA:69,0
DA:71,5
DA:72,5
DA:75,0
DA:78,1
DA:80,4
DA:81,4
DA:83,4
DA:84,4
DA:86,4
DA:88,1
DA:90,2
DA:91,4
DA:92,4
DA:93,4
DA:94,2
DA:95,2
DA:97,4
DA:100,4
DA:101,0
DA:104,2
DA:106,1
DA:107,0
DA:108,0
DA:109,0
DA:110,0
DA:111,0
DA:112,0
DA:114,0
DA:115,0
DA:117,0
DA:118,0
DA:119,0
DA:122,0
DA:124,1
DA:127,0
DA:129,0
DA:131,0
DA:133,0
DA:135,0
DA:136,0
DA:137,0
DA:142,0
DA:143,0
DA:144,0
DA:147,0
DA:148,0
DA:149,0
DA:151,0
DA:154,0
DA:156,1
DA:157,30
DA:158,30
DA:160,1
DA:161,0
DA:162,0
DA:163,0
DA:165,0
DA:167,0
DA:169,1
DA:170,1
DA:171,1
DA:172,1
DA:174,1
DA:176,0
DA:181,0
DA:182,0
DA:183,0
DA:184,0
DA:186,0
DA:188,1
DA:189,5
DA:191,1
DA:192,0
DA:193,0
DA:194,0
DA:195,0
DA:196,0
DA:197,0
DA:199,0
DA:200,0
DA:202,0
DA:203,0
DA:205,0
DA:206,0
DA:209,0
DA:210,0
DA:212,0
DA:213,0
DA:216,0
LF:127
LH:61
BRDA:2,0,0,1
BRDA:2,0,1,1
BRDA:2,0,2,1
BRDA:3,1,0,0
BRDA:3,1,1,1
BRDA:3,2,0,1
BRDA:3,2,1,1
BRDA:15,3,0,1
BRDA:25,4,0,1
BRDA:25,4,1,1
BRDA:46,5,0,0
BRDA:46,5,1,0
BRDA:68,6,0,0
BRDA:68,6,1,5
BRDA:71,7,0,5
BRDA:71,7,1,0
BRDA:83,8,0,4
BRDA:83,8,1,0
BRDA:83,9,0,4
BRDA:83,9,1,0
BRDA:93,10,0,2
BRDA:93,10,1,2
BRDA:97,11,0,2
BRDA:97,11,1,2
BRDA:100,12,0,0
BRDA:100,12,1,4
BRDA:111,13,0,0
BRDA:111,13,1,0
BRDA:114,14,0,0
BRDA:114,14,1,0
BRDA:117,15,0,0
BRDA:117,15,1,0
BRDA:135,16,0,0
BRDA:135,16,1,0
BRDA:147,17,0,0
BRDA:147,17,1,0
BRDA:147,18,0,0
BRDA:147,18,1,0
BRDA:162,19,0,0
BRDA:162,19,1,0
BRDA:172,20,0,1
BRDA:172,20,1,1
BRDA:176,21,0,0
BRDA:176,21,1,0
BRDA:199,22,0,0
BRDA:199,22,1,0
BRDA:202,23,0,0
BRDA:202,23,1,0
BRDA:205,24,0,0
BRDA:205,24,1,0
BRDA:209,25,0,0
BRDA:209,25,1,0
BRDA:212,26,0,0
BRDA:212,26,1,0
BRF:54
BRH:20
end_of_record
TN:
SF:src/todoItem.js
FN:4,(anonymous_0)
FN:10,(anonymous_1)
FN:27,(anonymous_2)
FNF:3
FNH:3
FNDA:1,(anonymous_0)
FNDA:31,(anonymous_1)
FNDA:9,(anonymous_2)
DA:2,1
DA:4,1
DA:5,1
DA:6,1
DA:7,1
DA:8,1
DA:10,1
DA:11,31
DA:19,31
DA:21,1
DA:22,1
DA:23,1
DA:24,1
DA:25,1
DA:27,1
DA:28,9
DA:29,3
DA:31,6
DA:32,6
DA:34,0
DA:35,0
DA:37,0
DA:38,0
DA:40,0
LF:24
LH:19
BRDA:9,0,0,1
BRDA:9,0,1,1
BRDA:10,1,0,31
BRDA:10,2,0,31
BRDA:28,3,0,3
BRDA:28,3,1,6
BRDA:31,4,0,6
BRDA:31,4,1,0
BRDA:34,5,0,0
BRDA:34,5,1,0
BRDA:37,6,0,0
BRDA:37,6,1,0
BRF:12
BRH:7
end_of_record
