TN:
SF:src/focus.js
FN:5,(anonymous_0)
FN:17,(anonymous_1)
FN:23,(anonymous_2)
FN:29,(anonymous_3)
FN:42,(anonymous_4)
FNF:5
FNH:3
FNDA:10,(anonymous_0)
FNDA:8,(anonymous_1)
FNDA:0,(anonymous_2)
FNDA:8,(anonymous_3)
FNDA:0,(anonymous_4)
DA:2,2
DA:3,2
DA:4,2
DA:5,2
DA:7,10
DA:8,2
DA:10,8
DA:11,8
DA:12,0
DA:14,8
DA:15,8
DA:17,2
DA:18,8
DA:19,8
DA:20,8
DA:21,8
DA:23,2
DA:24,0
DA:25,0
DA:26,0
DA:29,2
DA:30,8
DA:31,8
DA:32,5
DA:33,5
DA:36,3
DA:37,3
DA:39,8
DA:42,2
DA:43,0
LF:30
LH:25
BRDA:7,0,0,2
BRDA:7,0,1,8
BRDA:7,1,0,10
BRDA:7,1,1,9
BRDA:11,2,0,0
BRDA:11,2,1,8
BRDA:31,3,0,5
BRDA:31,3,1,3
BRDA:43,4,0,0
BRDA:43,4,1,0
BRF:10
BRH:7
end_of_record
TN:
SF:src/main.js
FN:4,(anonymous_0)
FNF:1
FNH:1
FNDA:1,(anonymous_0)
DA:2,1
DA:3,1
DA:4,1
DA:5,1
LF:4
LH:4
BRDA:4,0,0,1
BRF:1
BRH:1
end_of_record
TN:
SF:src/review.js
FN:7,(anonymous_0)
FN:28,(anonymous_1)
FN:33,(anonymous_2)
FN:36,(anonymous_3)
FN:39,(anonymous_4)
FN:46,(anonymous_5)
FN:51,(anonymous_6)
FN:54,(anonymous_7)
FN:57,(anonymous_8)
FN:67,(anonymous_9)
FN:83,(anonymous_10)
FN:109,(anonymous_11)
FN:110,(anonymous_12)
FNF:13
FNH:12
FNDA:22,(anonymous_0)
FNDA:16,(anonymous_1)
FNDA:18,(anonymous_2)
FNDA:37,(anonymous_3)
FNDA:2,(anonymous_4)
FNDA:12,(anonymous_5)
FNDA:18,(anonymous_6)
FNDA:34,(anonymous_7)
FNDA:0,(anonymous_8)
FNDA:16,(anonymous_9)
FNDA:16,(anonymous_10)
FNDA:5,(anonymous_11)
FNDA:6,(anonymous_12)
DA:2,3
DA:3,3
DA:4,3
DA:7,3
DA:8,22
DA:9,22
DA:10,22
DA:11,2
DA:14,20
DA:16,20
DA:17,20
DA:19,15
DA:22,20
DA:28,3
DA:29,16
DA:30,16
DA:33,18
DA:35,13
DA:36,37
DA:39,2
DA:41,16
DA:42,2
DA:44,14
DA:46,3
DA:47,12
DA:48,12
DA:51,18
DA:53,9
DA:54,34
DA:57,0
DA:59,12
DA:60,0
DA:62,12
DA:67,3
DA:69,16
DA:70,16
DA:71,12
DA:72,12
DA:73,12
DA:74,12
DA:77,4
DA:79,16
DA:83,3
DA:86,16
DA:87,1
DA:89,15
DA:90,3
DA:91,2
DA:92,2
DA:95,15
DA:97,12
DA:98,36
DA:99,12
DA:100,12
DA:104,15
DA:109,5
DA:110,6
LF:57
LH:55
BRDA:10,0,0,2
BRDA:10,0,1,20
BRDA:10,1,0,22
BRDA:10,1,1,21
BRDA:14,2,0,20
BRDA:14,2,1,0
BRDA:17,3,0,15
BRDA:17,3,1,5
BRDA:17,4,0,20
BRDA:17,4,1,5
BRDA:30,5,0,3
BRDA:30,5,1,13
BRDA:30,6,0,16
BRDA:30,6,1,3
BRDA:35,7,0,11
BRDA:35,7,1,2
BRDA:35,8,0,13
BRDA:35,8,1,11
BRDA:41,9,0,2
BRDA:41,9,1,14
BRDA:48,10,0,3
BRDA:48,10,1,9
BRDA:48,11,0,12
BRDA:48,11,1,3
BRDA:53,12,0,9
BRDA:53,12,1,0
BRDA:53,13,0,9
BRDA:53,13,1,9
BRDA:59,14,0,0
BRDA:59,14,1,12
BRDA:70,15,0,12
BRDA:70,15,1,4
BRDA:86,16,0,1
BRDA:86,16,1,15
BRDA:89,17,0,3
BRDA:89,17,1,12
BRDA:90,18,0,2
BRDA:90,18,1,1
BRDA:95,19,0,12
BRDA:95,19,1,3
BRDA:98,20,0,12
BRDA:98,20,1,24
BRDA:109,21,0,5
BRDA:109,21,1,2
BRDA:109,21,2,0
BRF:45
BRH:41
end_of_record
TN:
SF:src/todoItem.js
FN:4,(anonymous_0)
FN:10,(anonymous_1)
FN:27,(anonymous_2)
FN:42,(anonymous_3)
FN:46,(anonymous_4)
FN:50,(anonymous_5)
FN:53,(anonymous_6)
FNF:7
FNH:7
FNDA:3,(anonymous_0)
FNDA:132,(anonymous_1)
FNDA:72,(anonymous_2)
FNDA:4,(anonymous_3)
FNDA:6,(anonymous_4)
FNDA:20,(anonymous_5)
FNDA:6,(anonymous_6)
DA:2,3
DA:4,3
DA:5,3
DA:6,3
DA:7,3
DA:8,3
DA:10,3
DA:11,132
DA:19,132
DA:21,3
DA:22,3
DA:23,3
DA:24,3
DA:25,3
DA:27,3
DA:28,72
DA:29,27
DA:31,45
DA:32,40
DA:34,5
DA:35,5
DA:37,0
DA:38,0
DA:40,0
DA:42,3
DA:43,4
DA:46,3
DA:47,6
DA:50,3
DA:51,20
DA:53,3
DA:54,6
DA:55,2
DA:58,4
LF:34
LH:31
BRDA:9,0,0,3
BRDA:9,0,1,3
BRDA:10,1,0,112
BRDA:10,2,0,112
BRDA:28,3,0,27
BRDA:28,3,1,45
BRDA:31,4,0,40
BRDA:31,4,1,5
BRDA:34,5,0,5
BRDA:34,5,1,0
BRDA:37,6,0,0
BRDA:37,6,1,0
BRDA:47,7,0,6
BRDA:47,7,1,3
BRDA:54,8,0,2
BRDA:54,8,1,4
BRF:16
BRH:13
end_of_record
TN:
SF:src/todoList.js
FN:4,(anonymous_0)
FN:5,(anonymous_1)
FN:7,(anonymous_2)
FN:8,(anonymous_3)
FN:10,(anonymous_4)
FN:13,(anonymous_5)
FN:19,(anonymous_6)
FN:23,(anonymous_7)
FN:24,(anonymous_8)
FN:26,(anonymous_9)
FN:31,(anonymous_10)
FN:35,(anonymous_11)
FN:39,(anonymous_12)
FN:42,(anonymous_13)
FN:58,(anonymous_14)
FN:59,(anonymous_15)
FNF:16
FNH:16
FNDA:96,(anonymous_0)
FNDA:284,(anonymous_1)
FNDA:20,(anonymous_2)
FNDA:60,(anonymous_3)
FNDA:6,(anonymous_4)
FNDA:3,(anonymous_5)
FNDA:4,(anonymous_6)
FNDA:14,(anonymous_7)
FNDA:68,(anonymous_8)
FNDA:106,(anonymous_9)
FNDA:47,(anonymous_10)
FNDA:42,(anonymous_11)
FNDA:20,(anonymous_12)
FNDA:42,(anonymous_13)
FNDA:1,(anonymous_14)
FNDA:3,(anonymous_15)
DA:2,3
DA:3,3
DA:4,3
DA:5,284
DA:7,3
DA:8,60
DA:10,3
DA:11,6
DA:13,3
DA:14,3
DA:15,3
DA:16,1
DA:19,4
DA:21,3
DA:23,3
DA:24,68
DA:26,3
DA:27,106
DA:28,106
DA:31,3
DA:32,47
DA:35,3
DA:36,42
DA:39,3
DA:40,20
DA:42,3
DA:43,42
DA:44,42
DA:45,42
DA:46,2
DA:48,40
DA:49,30
DA:51,10
DA:52,6
DA:55,4
DA:58,3
DA:59,3
LF:37
LH:37
BRDA:15,0,0,1
BRDA:15,0,1,2
BRDA:45,1,0,2
BRDA:45,1,1,40
BRDA:45,2,0,42
BRDA:45,2,1,8
BRDA:48,3,0,30
BRDA:48,3,1,10
BRDA:48,4,0,40
BRDA:48,4,1,34
BRDA:51,5,0,6
BRDA:51,5,1,4
BRDA:51,6,0,10
BRDA:51,6,1,6
BRF:14
BRH:14
end_of_record
TN:
SF:src/util.js
FN:3,(anonymous_0)
FNF:1
FNH:1
FNDA:3,(anonymous_0)
DA:2,1
DA:3,1
DA:4,3
LF:3
LH:3
BRDA:4,0,0,2
BRDA:4,0,1,1
BRF:2
BRH:2
end_of_record
TN:
SF:unit/test-util.js
FN:8,(anonymous_0)
FN:13,(anonymous_1)
FN:16,(anonymous_2)
FN:26,(anonymous_3)
FN:27,(anonymous_4)
FNF:5
FNH:5
FNDA:2,(anonymous_0)
FNDA:2,(anonymous_1)
FNDA:41,(anonymous_2)
FNDA:8,(anonymous_3)
FNDA:20,(anonymous_4)
DA:2,2
DA:3,2
DA:4,2
DA:5,2
DA:7,2
DA:8,2
DA:9,2
DA:10,2
DA:11,2
DA:13,2
DA:14,2
DA:16,2
DA:17,41
DA:18,1
DA:20,40
DA:21,40
DA:22,88
DA:24,40
DA:26,2
DA:27,20
LF:20
LH:20
BRDA:16,0,0,1
BRDA:17,1,0,1
BRDA:17,1,1,40
BRF:3
BRH:3
end_of_record
